
Epoch 1
[Epoch 1, validation] Confusion Matrix:
[[5216   13    1    1   15   33   29   52  147]
 [  11  892   64   18  247  149    0   42   89]
 [   0   29 1650    0   15    0    0    0   70]
 [  12    0   62 2052    7  181    0    4    0]
 [  21   54   39   95 2232   31    0    5    3]
 [ 127   83   15  305  102 1139   15   32   36]
 [   0    0    0    0    0    0 1580  166   18]
 [   0    0    0    0   17    1    0 1746    0]
 [   0    0    0    0    0    0    1    0 1763]]
[Epoch 1, tain] loss: 0.012, train_accuracy: 0.86311
[Epoch 1, Vail] loss: 0.01152, accuracy: 0.88146
[Epoch 1] max_vail_acc: 0.88146
Epoch 2
[Epoch 2, validation] Confusion Matrix:
[[4912    2    0   16   21  546    0    0   10]
 [  29  818    4   11  208  390   11    0   41]
 [  13   15 1336   84   13  199   45   26   33]
 [   0    4    7  833   24 1448    0    2    0]
 [  34   53    0    3 1823  564    0    3    0]
 [  50   37    0   38   55 1651    2    1   20]
 [  87  155   15    0   86  107 1020    0  294]
 [   0    0    0   35  525  197    2 1004    1]
 [  29   40    0    0    0   15   11    6 1663]]
[Epoch 2, tain] loss: 0.016, train_accuracy: 0.82288
[Epoch 2, Vail] loss: 0.02466, accuracy: 0.72659
[Epoch 2] max_vail_acc: 0.88146
Epoch 3
[Epoch 3, validation] Confusion Matrix:
[[4777   55    4  302    7  284    0   44   34]
 [  42  955   23   97   34  220    3   12  126]
 [   1    9 1627   61    0    5    3   58    0]
 [   6    0   19 2166    0  107    0    7   13]
 [  32  172    0  267 1218  660    0  130    1]
 [  38   32   11  824   18  754    0  134   43]
 [   0  645   78    0    1    0  967   16   57]
 [   0    0    4    4   59   68    0 1629    0]
 [   2   18    5    0    0    0   19   20 1700]]
[Epoch 3, tain] loss: 0.011, train_accuracy: 0.87191
[Epoch 3, Vail] loss: 0.02143, accuracy: 0.76195
[Epoch 3] max_vail_acc: 0.88146
Epoch 4
[Epoch 4, validation] Confusion Matrix:
[[5435    5    0    5   15   44    0    3    0]
 [  25  997   22   42  131  285    2    5    3]
 [   6    9 1627   37    3   29   14   39    0]
 [  22    0    2 2173   11  108    0    2    0]
 [  57   26    0  195 1964  228    0   10    0]
 [ 126   33    7  522   48 1093    0   25    0]
 [   4   13    0    0   17    6 1719    2    3]
 [  50    0    0    0   28   19    1 1666    0]
 [  15    3    5    1    1    4   55   36 1644]]
[Epoch 4, tain] loss: 0.011, train_accuracy: 0.87464
[Epoch 4, Vail] loss: 0.01099, accuracy: 0.88377
[Epoch 4] max_vail_acc: 0.88377
Epoch 5
[Epoch 5, validation] Confusion Matrix:
[[5270    5    0    7   17  190    0   14    4]
 [   2 1173   19   54   64  195    0    0    5]
 [   0   63 1582   75   29   13    0    2    0]
 [   6    0    0 1986   16  310    0    0    0]
 [  34  235    0   10 2117   83    0    1    0]
 [  26   54   10  285  118 1343    0   17    1]
 [  10    6    0    0   42   13 1582  104    7]
 [   1    0    0    0   52   59    0 1652    0]
 [   5   14    2    0    8    2   51   23 1659]]
[Epoch 5, tain] loss: 0.009, train_accuracy: 0.89744
[Epoch 5, Vail] loss: 0.01041, accuracy: 0.88599
[Epoch 5] max_vail_acc: 0.88599
Epoch 6
[Epoch 6, validation] Confusion Matrix:
[[5330   18    0    3   14  127    0    5   10]
 [   2 1131    6   53   76  225    5    0   14]
 [   0   16 1720    7   15    4    0    2    0]
 [   8    0   82 2059    9  160    0    0    0]
 [  47   24    0   36 2326   47    0    0    0]
 [  51   29   15  368  139 1243    0    8    1]
 [   0    5    1    0   23    9 1725    1    0]
 [   2    0    0    0    0   20    2 1740    0]
 [   2    8    2    0    0    4   66    8 1674]]
[Epoch 6, tain] loss: 0.007, train_accuracy: 0.92046
[Epoch 6, Vail] loss: 0.00840, accuracy: 0.91417
[Epoch 6] max_vail_acc: 0.91417
Epoch 7
[Epoch 7, validation] Confusion Matrix:
[[5445    2    0    3   28   28    0    0    1]
 [  51 1218    0   36   47  157    3    0    0]
 [   0   33 1638   63   20   10    0    0    0]
 [  15    1    6 2125   12  159    0    0    0]
 [  57  104    0   91 2062  166    0    0    0]
 [ 117   80    1  523   95 1038    0    0    0]
 [   7   47   11    0   82   27 1553   13   24]
 [  26    2    0   30   99   60    3 1544    0]
 [   3   38    0    8    7    7   21    4 1676]]
[Epoch 7, tain] loss: 0.006, train_accuracy: 0.92818
[Epoch 7, Vail] loss: 0.01189, accuracy: 0.88286
[Epoch 7] max_vail_acc: 0.91417
Epoch 8
[Epoch 8, validation] Confusion Matrix:
[[5377    2    0   10    2  107    0    1    8]
 [   2 1174    0   73   53  199    0    0   11]
 [   0    7 1677   56    2    9    1   10    2]
 [   6    0    6 2083    2  221    0    0    0]
 [  46  159    0   61 1999  214    0    1    0]
 [  31   53    0  389   16 1361    0    0    4]
 [   3    0    3    0    0   17 1722    0   19]
 [   0    0    0    6    6   46    0 1706    0]
 [   0    0    2    1    0    3   27    7 1724]]
[Epoch 8, tain] loss: 0.006, train_accuracy: 0.93515
[Epoch 8, Vail] loss: 0.00884, accuracy: 0.90814
[Epoch 8] max_vail_acc: 0.91417
Epoch 9
[Epoch 9, validation] Confusion Matrix:
[[5381    5    0    7    5   95    0    6    8]
 [   2 1193    1   19   84  200    0    0   13]
 [   0   11 1696   18   11    8    1   18    1]
 [   6    0   11 1995    7  299    0    0    0]
 [  44  144    0   34 2125  132    0    1    0]
 [  14   49    4  284   30 1473    0    0    0]
 [   0    1    2    0    1   36 1709    0   15]
 [   0    0    0    2    6    9    0 1747    0]
 [   0    4    2    1    0    4   42   14 1697]]
[Epoch 9, tain] loss: 0.005, train_accuracy: 0.94855
[Epoch 9, Vail] loss: 0.00824, accuracy: 0.91745
[Epoch 9] max_vail_acc: 0.91745
Epoch 10
[Epoch 10, validation] Confusion Matrix:
[[5408    4    0    8    5   71    0    6    5]
 [   2 1201    0   28   84  189    0    0    8]
 [   0   17 1672   25   24    8    1   15    2]
 [   6    0    9 2062    4  237    0    0    0]
 [  47  131    0   37 2127  137    0    1    0]
 [  14   48    2  329   34 1427    0    0    0]
 [   1    1    0    0    4   32 1715    0   11]
 [   0    0    0    1    5   17    0 1741    0]
 [   0    9    1    2    0    3   39   15 1695]]
[Epoch 10, tain] loss: 0.004, train_accuracy: 0.95212
[Epoch 10, Vail] loss: 0.00836, accuracy: 0.91899
[Epoch 10] max_vail_acc: 0.91899
