Epoch 1
[Epoch 1, validation] Confusion Matrix:
[[5346    0    0   17   54   37   32    3    3]
 [  37  453  281   34  514  179    0    0    0]
 [   0    0 1722   23   19    0    0    0    0]
 [   0    0    0 2223   66   14    0    0    0]
 [  83    1    0  424 1673  270    0    0    0]
 [  84   66    0  737  195  741   16    0    0]
 [  18    0    0    0    0    0 1679   67    0]
 [   0    0    0    0    0    0    0 1764    0]
 [   0    0    0    0   14    0    5    0 1745]]
[Epoch 1, tain] loss: 0.033, train_accuracy: 0.67747
[Epoch 1, Vail] loss: 0.01744, accuracy: 0.84045
[Epoch 1] max_vail_acc: 0.84045
Epoch 2
[Epoch 2, validation] Confusion Matrix:
[[5337    3    0    0   26  103   19    4    0]
 [   9 1015    9    0  172  293    0    0    0]
 [   0   18 1740    0    6    0    0    0    0]
 [   0    0    0 1675   25  603    0    0    0]
 [  29    6    0   26 2171  219    0    0    0]
 [  47   63    0  227   15 1477   10    0    0]
 [   0    0    0    0    0    0 1692   72    0]
 [   0    0    0    0    0    0    0 1764    0]
 [   0    0    0    0    7    0    0    0 1757]]
[Epoch 2, tain] loss: 0.011, train_accuracy: 0.90324
[Epoch 2, Vail] loss: 0.01029, accuracy: 0.90256
[Epoch 2] max_vail_acc: 0.90256
Epoch 3
[Epoch 3, validation] Confusion Matrix:
[[5294    0    0    0   31  141   25    1    0]
 [   0 1116    5    0   73  304    0    0    0]
 [   0   20 1739    0    5    0    0    0    0]
 [   0    0    0 1976   18  309    0    0    0]
 [  15    3    0   24 2230  179    0    0    0]
 [  22   60    0  115   14 1628    0    0    0]
 [   0    0    0    0    0    0 1752   12    0]
 [   0    0    0    0   11    6    0 1747    0]
 [   0    0    0    0    0    0    0    0 1764]]
[Epoch 3, tain] loss: 0.007, train_accuracy: 0.94581
[Epoch 3, Vail] loss: 0.00788, accuracy: 0.93251
[Epoch 3] max_vail_acc: 0.93251
Epoch 4
[Epoch 4, validation] Confusion Matrix:
[[5297    0    0    2   26  143   24    0    0]
 [   2 1136    2    0   17  341    0    0    0]
 [   0   31 1733    0    0    0    0    0    0]
 [   0    0    0 1935    0  368    0    0    0]
 [  20    1    0   46 2111  273    0    0    0]
 [  30   47    0   64    6 1692    0    0    0]
 [   0    0    0    0    0    0 1760    4    0]
 [   0    0    0    0    1   13    0 1750    0]
 [   0    0    0    0    0    0    0    0 1764]]
[Epoch 4, tain] loss: 0.005, train_accuracy: 0.96652
[Epoch 4, Vail] loss: 0.00722, accuracy: 0.92921
[Epoch 4] max_vail_acc: 0.93251
Epoch 5
[Epoch 5, validation] Confusion Matrix:
[[5258    0    0    6   16  191   21    0    0]
 [   0 1087    5    0    6  400    0    0    0]
 [   0   30 1734    0    0    0    0    0    0]
 [   0    0    0 2087    0  216    0    0    0]
 [  24    1    0   92 1942  392    0    0    0]
 [  20   18    0   20    3 1778    0    0    0]
 [   0    0    0    0    0    0 1764    0    0]
 [   0    0    0    0    3  116    0 1645    0]
 [   0    0    0    0    0    0    0    0 1764]]
[Epoch 5, tain] loss: 0.004, train_accuracy: 0.97847
[Epoch 5, Vail] loss: 0.00811, accuracy: 0.92345
[Epoch 5] max_vail_acc: 0.93251
Epoch 6
[Epoch 6, validation] Confusion Matrix:
[[5301    1    0    5   19  146   20    0    0]
 [   0 1135    0    0    7  356    0    0    0]
 [   0   61 1701    0    1    1    0    0    0]
 [   0    0    0 2082    0  221    0    0    0]
 [  23    5    0   99 2086  238    0    0    0]
 [  22   21    0   22    5 1769    0    0    0]
 [   0    0    0    0    0    0 1764    0    0]
 [   0    0    0    0    1   32    0 1731    0]
 [   0    0    0    0    0    0    0    0 1764]]
[Epoch 6, tain] loss: 0.003, train_accuracy: 0.98556
[Epoch 6, Vail] loss: 0.00630, accuracy: 0.93672
[Epoch 6] max_vail_acc: 0.93672
Epoch 7
[Epoch 7, validation] Confusion Matrix:
[[5376    8    0    0   11   74   23    0    0]
 [   0 1212    0    0   20  266    0    0    0]
 [   0   80 1684    0    0    0    0    0    0]
 [   0    0    0 1912    4  387    0    0    0]
 [  31   10    0    8 2192  210    0    0    0]
 [  45   38    0    8    5 1743    0    0    0]
 [   0    0    0    0    0    0 1764    0    0]
 [   0    0    0    0    0    7    0 1757    0]
 [   0    0    0    0    0    0    0    0 1764]]
[Epoch 7, tain] loss: 0.002, train_accuracy: 0.99018
[Epoch 7, Vail] loss: 0.00544, accuracy: 0.94016
[Epoch 7] max_vail_acc: 0.94016
Epoch 8
[Epoch 8, validation] Confusion Matrix:
[[5360    2    0    3   20   85   22    0    0]
 [   0 1223    0    0   12  263    0    0    0]
 [   0   43 1721    0    0    0    0    0    0]
 [   0    0    0 1988    0  315    0    0    0]
 [  21    4    0   24 2213  189    0    0    0]
 [  27   39    0   13    8 1752    0    0    0]
 [   0    0    0    0    0    0 1764    0    0]
 [   0    0    0    0    0    6    0 1758    0]
 [   0    0    0    0    0    0    0    0 1764]]
[Epoch 8, tain] loss: 0.002, train_accuracy: 0.99321
[Epoch 8, Vail] loss: 0.00506, accuracy: 0.94690
[Epoch 8] max_vail_acc: 0.94690
Epoch 9
[Epoch 9, validation] Confusion Matrix:
[[5367    6    0    0   10   88   21    0    0]
 [   1 1214    0    0   16  267    0    0    0]
 [   0   95 1669    0    0    0    0    0    0]
 [   0    0    0 1996    0  307    0    0    0]
 [  29    9    0   17 2220  176    0    0    0]
 [  47   41    0    9    4 1738    0    0    0]
 [   0    0    0    0    0    0 1764    0    0]
 [   0    0    0    0    0    5    0 1759    0]
 [   0    0    0    0    0    0    0    0 1764]]
[Epoch 9, tain] loss: 0.001, train_accuracy: 0.99460
[Epoch 9, Vail] loss: 0.00543, accuracy: 0.94438
[Epoch 9] max_vail_acc: 0.94690
Epoch 10
[Epoch 10, validation] Confusion Matrix:
[[4979    4    0   12    0  486   11    0    0]
 [   0 1086    1    1    0  410    0    0    0]
 [   0   25 1702    0    0   37    0    0    0]
 [   0    0    0 1879    0  424    0    0    0]
 [  27   26    0  123 1546  729    0    0    0]
 [   0    7    0   22    0 1810    0    0    0]
 [   0    0    0    0    0   30 1734    0    0]
 [   0    0    0    0    0  468    0 1296    0]
 [   0    0    0    0    0    0    0    0 1764]]
[Epoch 10, tain] loss: 0.001, train_accuracy: 0.99598
[Epoch 10, Vail] loss: 0.01353, accuracy: 0.86225
[Epoch 10] max_vail_acc: 0.94690
