Epoch 1
Epoch 1
[Epoch 1, validation] Confusion Matrix:
[[4964    0    0   72    0    0    0  372  314]
 [1059    0    0  519    0    0    0    0    0]
 [ 407    0    0 1437    0    0    0    0    0]
 [   0    0    0 2423    0    0    0    0    0]
 [ 508    0    0 2053    0    0    0    0    0]
 [ 531    0    0 1386    0    0    0    7   25]
 [   0    0    0    0    0    0    0  558 1286]
 [   0    0    0    0    0    0    0 1844    0]
 [   0    0    0    0    0    0    0    4 1840]]
[Epoch 1, tain] loss: 0.059, train_accuracy: 0.47393
[Epoch 1, Vail] loss: 0.05807, accuracy: 0.51233
[Epoch 1] max_vail_acc: 0.51233
Epoch 2
[Epoch 2, validation] Confusion Matrix:
[[5499    0    0   29    0  122    0   72    0]
 [1117    0    0  188    0  273    0    0    0]
 [1279    0    0  565    0    0    0    0    0]
 [   0    0    0 2308    0  115    0    0    0]
 [ 510    0    0 1243    0  808    0    0    0]
 [ 284    0    0  895    0  770    0    0    0]
 [1844    0    0    0    0    0    0    0    0]
 [  13    0    0    0    0    0    0 1831    0]
 [1844    0    0    0    0    0    0    0    0]]
[Epoch 2, tain] loss: 0.058, train_accuracy: 0.51714
[Epoch 2, Vail] loss: 0.05916, accuracy: 0.48165
[Epoch 2] max_vail_acc: 0.51233
Epoch 3
[Epoch 3, validation] Confusion Matrix:
[[5530    0    0   28    0  164    0    0    0]
 [1018    0    0  135    0  425    0    0    0]
 [ 755    0    0   19    0 1070    0    0    0]
 [   0    0    0 1945    0  478    0    0    0]
 [ 131    0    0  646    0 1784    0    0    0]
 [ 159    0    0  620    0 1170    0    0    0]
 [1782    0    0    0    0   62    0    0    0]
 [   0    0    0    0    0    0    0 1844    0]
 [1511    0    0    0    0  333    0    0    0]]
[Epoch 3, tain] loss: 0.059, train_accuracy: 0.49503
[Epoch 3, Vail] loss: 0.05899, accuracy: 0.48540
[Epoch 3] max_vail_acc: 0.51233
Epoch 4
[Epoch 4, validation] Confusion Matrix:
[[5534    0    0   26    0  162    0    0    0]
 [1063    0    0  146    0  369    0    0    0]
 [ 736    0    0   17    0 1091    0    0    0]
 [   0    0    0 2231    0  192    0    0    0]
 [ 148    0    0  686    0 1727    0    0    0]
 [ 181    0    0  620    0 1148    0    0    0]
 [1637    0    0    0    0  207    0    0    0]
 [   0    0    0    0    0    0    0 1844    0]
 [1541    0    0    0    0  303    0    0    0]]
[Epoch 4, tain] loss: 0.058, train_accuracy: 0.50560
[Epoch 4, Vail] loss: 0.05860, accuracy: 0.49780
[Epoch 4] max_vail_acc: 0.51233
Epoch 5
[Epoch 5, validation] Confusion Matrix:
[[5478    0    0   31    0  213    0    0    0]
 [ 864    0    0  296    0  418    0    0    0]
 [ 262    0    0   22    0 1560    0    0    0]
 [   3    0    0 2260    0  160    0    0    0]
 [  75    0    0  787    0 1699    0    0    0]
 [  92    0    0  638    0 1219    0    0    0]
 [1785    0    0    0    0   59    0    0    0]
 [   0    0    0    0    0    0    0 1844    0]
 [1573    0    0    0    0  271    0    0    0]]
[Epoch 5, tain] loss: 0.058, train_accuracy: 0.51151
[Epoch 5, Vail] loss: 0.05851, accuracy: 0.49984
[Epoch 5] max_vail_acc: 0.51233
Epoch 6
[Epoch 6, validation] Confusion Matrix:
[[5487    0    0   30    0  205    0    0    0]
 [ 745    0    0  232   29  572    0    0    0]
 [  49    0    0    4  315 1476    0    0    0]
 [   2    0    0 2304    0  117    0    0    0]
 [  74    0    0  853  533 1101    0    0    0]
 [  89    0    0  638   50 1172    0    0    0]
 [1410    0    0    0    0  434    0    0    0]
 [   0    0    0    0    0    0    0 1844    0]
 [1390    0    0    0    0  454    0    0    0]]
[Epoch 6, tain] loss: 0.058, train_accuracy: 0.52247
[Epoch 6, Vail] loss: 0.05763, accuracy: 0.52478
[Epoch 6] max_vail_acc: 0.52478
Epoch 7
[Epoch 7, validation] Confusion Matrix:
[[5443    0    0   32    0  233    0   14    0]
 [ 734    0    0  172   27  645    0    0    0]
 [  41    0    0    2  139 1662    0    0    0]
 [   0    0    0 2162    0  261    0    0    0]
 [  83    0    0  752  493 1233    0    0    0]
 [  81    0    0  591   36 1241    0    0    0]
 [ 695    0    0    0    0 1149    0    0    0]
 [   0    0    0    0    0    0    0 1844    0]
 [ 866    0    0    0    0  978    0    0    0]]
[Epoch 7, tain] loss: 0.057, train_accuracy: 0.52978
[Epoch 7, Vail] loss: 0.05779, accuracy: 0.51752
[Epoch 7] max_vail_acc: 0.52478
Epoch 8
[Epoch 8, validation] Confusion Matrix:
[[5426    0    0   32    9  229    0   26    0]
 [ 468    0    0  145  165  800    0    0    0]
 [   1    0    0    0 1242  601    0    0    0]
 [   3    0    0 2150    0  270    0    0    0]
 [  83    0    0  575  555 1348    0    0    0]
 [  86    0    0  562   53 1248    0    0    0]
 [ 403    0    0    0  147 1294    0    0    0]
 [   0    0    0    0    0    2    0 1842    0]
 [ 396    0    0    0  143 1305    0    0    0]]
[Epoch 8, tain] loss: 0.057, train_accuracy: 0.53282
[Epoch 8, Vail] loss: 0.05769, accuracy: 0.51927
[Epoch 8] max_vail_acc: 0.52478
Epoch 9
[Epoch 9, validation] Confusion Matrix:
[[5518    0    0   27    0  177    0    0    0]
 [ 737    0    0  109   37  695    0    0    0]
 [ 125    0    0    0  730  989    0    0    0]
 [   5    0    0 2144    0  274    0    0    0]
 [  92    0    0  529  540 1400    0    0    0]
 [ 107    0    0  514   39 1289    0    0    0]
 [1609    0    0    0    0  235    0    0    0]
 [   0    0    0    0    0    2    0 1842    0]
 [1495    0    0    0    0  349    0    0    0]]
[Epoch 9, tain] loss: 0.057, train_accuracy: 0.53437
[Epoch 9, Vail] loss: 0.05759, accuracy: 0.52446
[Epoch 9] max_vail_acc: 0.52478
Epoch 10
[Epoch 10, validation] Confusion Matrix:
[[5466    0    0   29    2  213    0   12    0]
 [ 478    0    0  139    1  960    0    0    0]
 [  38    0    0    0  137 1669    0    0    0]
 [   5    0    0 2257    0  161    0    0    0]
 [  84    0    0  611  504 1362    0    0    0]
 [  88    0    0  535   24 1302    0    0    0]
 [ 949    0    0    0   51  844    0    0    0]
 [   0    0    0    0    0   10    0 1834    0]
 [1017    0    0    0  140  687    0    0    0]]
[Epoch 10, tain] loss: 0.057, train_accuracy: 0.53602
[Epoch 10, Vail] loss: 0.05752, accuracy: 0.52585
[Epoch 10] max_vail_acc: 0.52585


Epoch 1
[Epoch 1, validation] Confusion Matrix:
[[1455    0    0    0   60   19  133    0    0]
 [ 277    0  141    0  184    0    0    0    0]
 [   0    0  570   34    0    0    0    0    0]
 [   0    0    0  767   62    0    0    0    0]
 [ 173    0  151   95  339    0    0    0    0]
 [  71    0    0  273  197  284    0    0    0]
 [   0    0    0    0    0    0  604    0    0]
 [   0    0    0    0    0    0    0  604    0]
 [   0    0    6    0    0    0  598    0    0]]
[Epoch 1, tain] loss: 0.055, train_accuracy: 0.60967
[Epoch 1, Vail] loss: 0.05376, accuracy: 0.65140
[Epoch 1] max_vail_acc: 0.65140
Epoch 2
[Epoch 2, validation] Confusion Matrix:
[[1514    0    0    0   67   11   75    0    0]
 [ 333    0   32   13  224    0    0    0    0]
 [   0    0  566   38    0    0    0    0    0]
 [   0    0    0  814   15    0    0    0    0]
 [  52    0  145  146  415    0    0    0    0]
 [  45    0    0  400  123  257    0    0    0]
 [   0    0    0    0    0    0  604    0    0]
 [   0    0    0    0    0    0    0  604    0]
 [  28    0    6    0    0    0  570    0    0]]
[Epoch 2, tain] loss: 0.052, train_accuracy: 0.70195
[Epoch 2, Vail] loss: 0.05314, accuracy: 0.67268
[Epoch 2] max_vail_acc: 0.67268
Epoch 3
[Epoch 3, validation] Confusion Matrix:
[[1540    0    0    0   67   17   43    0    0]
 [ 282    0   69   16  228    7    0    0    0]
 [   0    0  586   18    0    0    0    0    0]
 [   0    0    0  758   18   53    0    0    0]
 [  55    0  145  137  408   13    0    0    0]
 [  46    0    0  270  137  372    0    0    0]
 [ 129    0    0    0    0    0  475    0    0]
 [   0    0    0    0    0    0    0  604    0]
 [ 124    0    8    0    0    0  472    0    0]]
[Epoch 3, tain] loss: 0.052, train_accuracy: 0.70780
[Epoch 3, Vail] loss: 0.05326, accuracy: 0.66831
[Epoch 3] max_vail_acc: 0.67268
Epoch 4
[Epoch 4, validation] Confusion Matrix:
[[1512    0    0    0   74   21   60    0    0]
 [ 293    0   77    2  230    0    0    0    0]
 [   0    0  574   25    0    5    0    0    0]
 [   0    0    0  704   56   69    0    0    0]
 [  49    0  147    3  547   12    0    0    0]
 [  44    0    0  128  252  401    0    0    0]
 [  12    0    0    0    0    0  592    0    0]
 [   0    0    0    0    0    0    0  604    0]
 [  10    0    0    0    0    0  594    0    0]]
[Epoch 4, tain] loss: 0.052, train_accuracy: 0.71545
[Epoch 4, Vail] loss: 0.05244, accuracy: 0.69522
[Epoch 4] max_vail_acc: 0.69522
Epoch 5
[Epoch 5, validation] Confusion Matrix:
[[1463    0    0    0   66   21   37    0   80]
 [ 211    0  125   73  152   41    0    0    0]
 [   0    0  536   62    0    6    0    0    0]
 [   0    0    0  772    0   57    0    0    0]
 [  49    0  150  150  382   25    0    0    2]
 [  48    0    0  322   54  401    0    0    0]
 [   0    0    0    0    0    0  418    0  186]
 [   0    0    0    0    0    0    0  604    0]
 [   0    0    0    0    0    0   59    0  545]]
[Epoch 5, tain] loss: 0.052, train_accuracy: 0.71567
[Epoch 5, Vail] loss: 0.05157, accuracy: 0.72157
[Epoch 5] max_vail_acc: 0.72157
Epoch 6
[Epoch 6, validation] Confusion Matrix:
[[1539    0    0    0   64   16   31    0   17]
 [ 329    0   40   23  206    4    0    0    0]
 [   0    0  583   19    0    2    0    0    0]
 [   0    0    0  759   17   53    0    0    0]
 [  59    0  147   51  489   12    0    0    0]
 [  49    0    0  226  146  404    0    0    0]
 [  35    0    0    0    0    0  420    0  149]
 [   0    0    0    0    0    0    0  604    0]
 [  62    0    2    0    0    0   77    0  463]]
[Epoch 6, tain] loss: 0.052, train_accuracy: 0.72584
[Epoch 6, Vail] loss: 0.05096, accuracy: 0.74130
[Epoch 6] max_vail_acc: 0.74130
Epoch 7
[Epoch 7, validation] Confusion Matrix:
[[1458    0   17    0  117   17   58    0    0]
 [ 146    0  163   63  230    0    0    0    0]
 [   0    0  595    9    0    0    0    0    0]
 [   0    0    0  711   57   61    0    0    0]
 [  23    0  152    0  583    0    0    0    0]
 [  26    0    0  104  298  397    0    0    0]
 [   0    0    0    0    0    0  604    0    0]
 [   0    0    0    0    0    0    0  604    0]
 [  18    0    9    0    0    0  577    0    0]]
[Epoch 7, tain] loss: 0.051, train_accuracy: 0.75841
[Epoch 7, Vail] loss: 0.05236, accuracy: 0.69776
[Epoch 7] max_vail_acc: 0.74130
Epoch 8
[Epoch 8, validation] Confusion Matrix:
[[1546    0    0    0   62   14   25    0   20]
 [ 347    0   15   46  171   23    0    0    0]
 [   0    0  585   17    0    2    0    0    0]
 [   0    0    0  789   21   19    0    0    0]
 [  95    0  129    4  512   18    0    0    0]
 [  47    0    0  185  192  401    0    0    0]
 [ 117    0    0    0    0    0  396    0   91]
 [   0    0    0    0    0    0    0  604    0]
 [  18    0    0    0    0    0   18    0  568]]
[Epoch 8, tain] loss: 0.050, train_accuracy: 0.79266
[Epoch 8, Vail] loss: 0.05036, accuracy: 0.76103
[Epoch 8] max_vail_acc: 0.76103
Epoch 9
[Epoch 9, validation] Confusion Matrix:
[[1553    0    0    0   56    9   34    0   15]
 [ 424    0   16    6  132   24    0    0    0]
 [   0    0  599    5    0    0    0    0    0]
 [   0    0    0  786   23   20    0    0    0]
 [ 124    0  147    1  486    0    0    0    0]
 [  60    0    0  162  199  404    0    0    0]
 [  30    0    0    0    0    0  538    0   36]
 [   0    0    0    0    0    0    0  604    0]
 [  19    0    0    0    0    0   38    0  547]]
[Epoch 9, tain] loss: 0.049, train_accuracy: 0.80939
[Epoch 9, Vail] loss: 0.04984, accuracy: 0.77737
[Epoch 9] max_vail_acc: 0.77737
Epoch 10
[Epoch 10, validation] Confusion Matrix:
[[1539    0    0    0   56    9   37    0   26]
 [ 270    0   92   68  144   28    0    0    0]
 [   0    0  586   18    0    0    0    0    0]
 [   0    0    0  798   15   16    0    0    0]
 [ 122    0  122    2  477   35    0    0    0]
 [  52    0    0  221  141  411    0    0    0]
 [   0    0    0    0    0    0  604    0    0]
 [   0    0    0    0    0    0    0  604    0]
 [   6    0    0    0    0    0   51    0  547]]
[Epoch 10, tain] loss: 0.049, train_accuracy: 0.81918
[Epoch 10, Vail] loss: 0.04963, accuracy: 0.78428
[Epoch 10] max_vail_acc: 0.78428
Epoch 1
[Epoch 1, validation] Confusion Matrix:
[[1548    0    0    0   58    9   34    0   18]
 [ 364    0   45   37  156    0    0    0    0]
 [   0    0  593   11    0    0    0    0    0]
 [   0    0    0  816   13    0    0    0    0]
 [  71    0  132    0  539   16    0    0    0]
 [  51    0    0  246  154  374    0    0    0]
 [   8    0    0    0    0    0  558    0   38]
 [   0    0    0    0    0    0    0  604    0]
 [   0    0    0    0    0    0    0    0  604]]
[Epoch 1, tain] loss: 0.049, train_accuracy: 0.82270
[Epoch 1, Vail] loss: 0.04931, accuracy: 0.79414
[Epoch 1] max_vail_acc: 0.79414
Epoch 2
[Epoch 2, validation] Confusion Matrix:
[[1559    0    0    0   51    9   34    0   14]
 [ 443    0    5    1  149    4    0    0    0]
 [   0    0  604    0    0    0    0    0    0]
 [   0    0    0  784   30   15    0    0    0]
 [ 145    0  127    0  468   18    0    0    0]
 [  71    0    3  128  182  441    0    0    0]
 [   0    0    0    0    0    0  604    0    0]
 [   0    0    0    0    0    0    0  604    0]
 [  24    0    0    0    0    0   36    0  544]]
[Epoch 2, tain] loss: 0.049, train_accuracy: 0.82752
[Epoch 2, Vail] loss: 0.04947, accuracy: 0.79019
[Epoch 2] max_vail_acc: 0.79414
Epoch 3
[Epoch 3, validation] Confusion Matrix:
[[1471    0   45    0   16   58   35    0   42]
 [ 196    0  151    5   75  175    0    0    0]
 [   0    0  602    2    0    0    0    0    0]
 [   0    0    0  780    9   40    0    0    0]
 [  72    0   71    0  507  108    0    0    0]
 [  47    0    0  155  132  491    0    0    0]
 [   0    0    0    0    0    0  604    0    0]
 [   0    0    0    0    0    0    0  604    0]
 [   0    0    0    0    0    0    0    0  604]]
[Epoch 3, tain] loss: 0.048, train_accuracy: 0.83745
[Epoch 3, Vail] loss: 0.04920, accuracy: 0.79794
[Epoch 3] max_vail_acc: 0.79794
Epoch 4
[Epoch 4, validation] Confusion Matrix:
[[1541    0    6    0   45   27   34    0   14]
 [ 208    0  130    0  160  104    0    0    0]
 [   0    0  604    0    0    0    0    0    0]
 [   0    0    0  725   64   40    0    0    0]
 [  47    0   58    0  559   94    0    0    0]
 [  47    0    0   73  228  477    0    0    0]
 [   0    0    0    0    0    0  604    0    0]
 [   0    0    0    0    0    0    0  604    0]
 [   0    0    0    0    0    0    0    0  604]]
[Epoch 4, tain] loss: 0.048, train_accuracy: 0.84136
[Epoch 4, Vail] loss: 0.04896, accuracy: 0.80569
[Epoch 4] max_vail_acc: 0.80569
Epoch 5
[Epoch 5, validation] Confusion Matrix:
[[1477    0   44    0   53   43   34    0   16]
 [ 181    0  139    0  130  152    0    0    0]
 [   0    0  600    4    0    0    0    0    0]
 [   0    0    0  805    4   20    0    0    0]
 [  25    0   37    0  581  115    0    0    0]
 [  37    0    0  142  134  512    0    0    0]
 [   0    0    0    0    0    0  604    0    0]
 [   0    0    0    0    0    0    0  604    0]
 [   0    0    0    0    0    0    0    0  604]]
[Epoch 5, tain] loss: 0.048, train_accuracy: 0.84467
[Epoch 5, Vail] loss: 0.04870, accuracy: 0.81541
[Epoch 5] max_vail_acc: 0.81541
Epoch 6
[Epoch 6, validation] Confusion Matrix:
[[1565    0    0    0   12   54   26    0   10]
 [ 213    0  101    2  151  135    0    0    0]
 [   0    0  604    0    0    0    0    0    0]
 [   0    0    0  812    0   17    0    0    0]
 [  56    0    0    4  541  157    0    0    0]
 [  43    0    0  211   77  494    0    0    0]
 [  22    0    0    0    0    0  582    0    0]
 [   0    0    0    0    0    0    0  604    0]
 [  18    0    0    0    0    0    0    0  586]]
[Epoch 6, tain] loss: 0.048, train_accuracy: 0.84670
[Epoch 6, Vail] loss: 0.04866, accuracy: 0.81556
[Epoch 6] max_vail_acc: 0.81556
Epoch 7
[Epoch 7, validation] Confusion Matrix:
[[1565    0    0    0    9   53   28    0   12]
 [ 251    0  101    0  140  110    0    0    0]
 [   0    0  604    0    0    0    0    0    0]
 [   0    0    0  808    1   20    0    0    0]
 [ 129    0    9    0  452  168    0    0    0]
 [  65    0    0  140  104  516    0    0    0]
 [   0    0    0    0    0    0  601    0    3]
 [   0    0    0    0    0    0    0  604    0]
 [   0    0    0    0    0    0    0    0  604]]
[Epoch 7, tain] loss: 0.048, train_accuracy: 0.85108
[Epoch 7, Vail] loss: 0.04882, accuracy: 0.81077
[Epoch 7] max_vail_acc: 0.81556
Epoch 8
[Epoch 8, validation] Confusion Matrix:
[[1540    0    1    0   22   59   34    0   11]
 [ 195    0   83    0  151  173    0    0    0]
 [   0    0  545    4    0   55    0    0    0]
 [   0    0    0  800    2   27    0    0    0]
 [  56    0    0    0  541  161    0    0    0]
 [  43    0    0  122  111  549    0    0    0]
 [   0    0    0    0    0    0  604    0    0]
 [   0    0    0    0    0    0    0  604    0]
 [   0    0    0    0    0    0    0    0  604]]
[Epoch 8, tain] loss: 0.048, train_accuracy: 0.85094
[Epoch 8, Vail] loss: 0.04868, accuracy: 0.81541
[Epoch 8] max_vail_acc: 0.81556
Epoch 9
[Epoch 9, validation] Confusion Matrix:
[[1554    0    6    0    9   54   33    0   11]
 [ 204    0  126    0  151  121    0    0    0]
 [   0    0  601    2    0    1    0    0    0]
 [   0    0    0  805    0   24    0    0    0]
 [  57    0    0    0  546  155    0    0    0]
 [  59    0    0  158   84  524    0    0    0]
 [   0    0    0    0    0    0  604    0    0]
 [   0    0    0    0    0    0    0  604    0]
 [   0    0    0    0    0    0    0    0  604]]
[Epoch 9, tain] loss: 0.048, train_accuracy: 0.85206
[Epoch 9, Vail] loss: 0.04845, accuracy: 0.82316
[Epoch 9] max_vail_acc: 0.82316
Epoch 10
[Epoch 10, validation] Confusion Matrix:
[[1555    0    0    0    9   58   34    0   11]
 [ 220    0   86    0  142  154    0    0    0]
 [   0    0  601    0    0    3    0    0    0]
 [   0    0    0  735    0   94    0    0    0]
 [  57    0    0    3  539  159    0    0    0]
 [  58    0    0  131   77  559    0    0    0]
 [   0    0    0    0    0    0  604    0    0]
 [   0    0    0    0    0    0    0  604    0]
 [   0    0    0    0    0    0    0    0  604]]
[Epoch 10, tain] loss: 0.048, train_accuracy: 0.85385
[Epoch 10, Vail] loss: 0.04864, accuracy: 0.81739
[Epoch 10] max_vail_acc: 0.82316
Epoch 1
[Epoch 1, validation] Confusion Matrix:
[[1568    0    0    0   10   56   27    0    6]
 [ 255    0   72    0  151  124    0    0    0]
 [   0    0  597    7    0    0    0    0    0]
 [   0    0    0  793    0   36    0    0    0]
 [  55    0    0    5  524  174    0    0    0]
 [  47    0    0  161   80  537    0    0    0]
 [   0    0    0    0    0    0  604    0    0]
 [   0    0    0    0    0    0    0  604    0]
 [  60    0    0    0    0    0    0    0  544]]
[Epoch 1, tain] loss: 0.048, train_accuracy: 0.85498
[Epoch 1, Vail] loss: 0.04877, accuracy: 0.81316
[Epoch 1] max_vail_acc: 0.81316
Epoch 2
[Epoch 2, validation] Confusion Matrix:
[[1527    0   22    0    8   77   32    0    1]
 [ 183    0  123    0  151  145    0    0    0]
 [   0    0  604    0    0    0    0    0    0]
 [   0    0    0  789    0   40    0    0    0]
 [  38    0    0    3  529  188    0    0    0]
 [  52    0    0  146   69  558    0    0    0]
 [   0    0    0    0    0    0  604    0    0]
 [   0    0    0    0    0    0    0  604    0]
 [   0    0    0    0    0    2    0    0  602]]
[Epoch 2, tain] loss: 0.048, train_accuracy: 0.85560
[Epoch 2, Vail] loss: 0.04853, accuracy: 0.81964
[Epoch 2] max_vail_acc: 0.81964
Epoch 3
[Epoch 3, validation] Confusion Matrix:
[[1562    0    0    0    8   61   27    0    9]
 [ 228    0   89    0  151  134    0    0    0]
 [   0    0  601    3    0    0    0    0    0]
 [   0    0    0  811    0   18    0    0    0]
 [  41    0    0    1  536  180    0    0    0]
 [  58    0    0  155   75  537    0    0    0]
 [   0    0    0    0    0    0  599    0    5]
 [   0    0    0    0    0    0    0  604    0]
 [   0    0    0    0    0    0    0    0  604]]
[Epoch 3, tain] loss: 0.048, train_accuracy: 0.85576
[Epoch 3, Vail] loss: 0.04840, accuracy: 0.82486
[Epoch 3] max_vail_acc: 0.82486
Epoch 4
[Epoch 4, validation] Confusion Matrix:
[[1516    0   15    0   34   60   31    0   11]
 [ 175    0  126    0  159  142    0    0    0]
 [   0    0  599    4    0    1    0    0    0]
 [   0    0    0  800    2   27    0    0    0]
 [  27    0    0    4  554  173    0    0    0]
 [  35    0    0  101  141  548    0    0    0]
 [   0    0    0    0    0    0  604    0    0]
 [   0    0    0    0    0    0    0  604    0]
 [   0    0    0    0    0    0    0    0  604]]
[Epoch 4, tain] loss: 0.048, train_accuracy: 0.85741
[Epoch 4, Vail] loss: 0.04852, accuracy: 0.82133
[Epoch 4] max_vail_acc: 0.82486
Epoch 5
[Epoch 5, validation] Confusion Matrix:
[[1558    0    5    0    9   56   32    0    7]
 [ 198    0  115    0  151  138    0    0    0]
 [   0    0  603    1    0    0    0    0    0]
 [   0    0    0  812    0   17    0    0    0]
 [  41    0    0    0  558  159    0    0    0]
 [  50    0    0  165   79  531    0    0    0]
 [   0    0    0    0    0    0  604    0    0]
 [   0    0    0    0    0    0    0  604    0]
 [   0    0    0    0    0    0    0    0  604]]
[Epoch 5, tain] loss: 0.048, train_accuracy: 0.85822
[Epoch 5, Vail] loss: 0.04829, accuracy: 0.82767
[Epoch 5] max_vail_acc: 0.82767
Epoch 6
[Epoch 6, validation] Confusion Matrix:
[[1467    0   11    0   26   80   35   33   15]
 [ 170    0  101    0  159  172    0    0    0]
 [   0    0  579    0    0   25    0    0    0]
 [   0    0    0  733    0   96    0    0    0]
 [  26    0    0    0  546  185    0    0    1]
 [  30    0    0   41   50  704    0    0    0]
 [   0    0    0    0    0    0  604    0    0]
 [   0    0    0    0    0    0    0  604    0]
 [   0    0    0    0    0    0    1    0  603]]
[Epoch 6, tain] loss: 0.047, train_accuracy: 0.86243
[Epoch 6, Vail] loss: 0.04846, accuracy: 0.82288
[Epoch 6] max_vail_acc: 0.82767
Epoch 7
[Epoch 7, validation] Confusion Matrix:
[[1539    0   14    0    4   75   27    0    8]
 [ 181    0  134    0  100  187    0    0    0]
 [   0    0  603    1    0    0    0    0    0]
 [   0    0    0  760    0   69    0    0    0]
 [  21    0    0    0  556  181    0    0    0]
 [  37    0    0   54   36  698    0    0    0]
 [   0    0    0    0    0    0  602    0    2]
 [   0    0    0    0    0    0    0  604    0]
 [   0    0    0    0    0    0    0    0  604]]
[Epoch 7, tain] loss: 0.047, train_accuracy: 0.86702
[Epoch 7, Vail] loss: 0.04790, accuracy: 0.84064
[Epoch 7] max_vail_acc: 0.84064
Epoch 8
[Epoch 8, validation] Confusion Matrix:
[[1539    0    7    0   16   67   29    0    9]
 [ 173    0  106    0  126  197    0    0    0]
 [   0    0  592    1    0   11    0    0    0]
 [   0    0    0  810    0   19    0    0    0]
 [  28    0    0    0  533  197    0    0    0]
 [  38    0    0   74   42  671    0    0    0]
 [   0    0    0    0    0   21  582    0    1]
 [   0    0    0    0    0    0    0  604    0]
 [   0    0    0    0    0    0    0    0  604]]
[Epoch 8, tain] loss: 0.047, train_accuracy: 0.86894
[Epoch 8, Vail] loss: 0.04802, accuracy: 0.83627
[Epoch 8] max_vail_acc: 0.84064
Epoch 9
[Epoch 9, validation] Confusion Matrix:
[[1561    0    7    0    4   60   28    0    7]
 [ 161    0  105    0   76  260    0    0    0]
 [   0    0  600    2    0    2    0    0    0]
 [   0    0    0  783    0   46    0    0    0]
 [  32    0    0    0  537  189    0    0    0]
 [  45    0    0   51   32  697    0    0    0]
 [   0    0    0    0    0    0  603    0    1]
 [   0    0    0    0    0    0    0  604    0]
 [   0    0    0    0    0    0    0    0  604]]
[Epoch 9, tain] loss: 0.047, train_accuracy: 0.86889
[Epoch 9, Vail] loss: 0.04780, accuracy: 0.84388
[Epoch 9] max_vail_acc: 0.84388
Epoch 10
[Epoch 10, validation] Confusion Matrix:
[[1537    0    8    0    7   75   33    0    7]
 [ 191    0  120    0  104  187    0    0    0]
 [   0    0  603    1    0    0    0    0    0]
 [   0    0    0  803    0   26    0    0    0]
 [  28    0    0    0  556  174    0    0    0]
 [  36    0    0   52   42  695    0    0    0]
 [   0    0    0    0    0   14  590    0    0]
 [   0    0    0    0    0    0    0  604    0]
 [   0    0    0    0    0   24    0    0  580]]
[Epoch 10, tain] loss: 0.047, train_accuracy: 0.87262
[Epoch 10, Vail] loss: 0.04790, accuracy: 0.84092
[Epoch 10] max_vail_acc: 0.84388
Epoch 11
[Epoch 11, validation] Confusion Matrix:
[[1561    0   15    0    8   50   26    0    7]
 [ 199    0  133    0  179   91    0    0    0]
 [   0    0  604    0    0    0    0    0    0]
 [   0    0    0  815    0   14    0    0    0]
 [  45    0    0    0  543  170    0    0    0]
 [  50    0    0  120   55  600    0    0    0]
 [   0    0    0    0    0    0  579    0   25]
 [   0    0    0    0    0    0    0  604    0]
 [   0    0    0    0    0    0    0    0  604]]
[Epoch 11, tain] loss: 0.047, train_accuracy: 0.87221
[Epoch 11, Vail] loss: 0.04813, accuracy: 0.83275
[Epoch 11] max_vail_acc: 0.84388
Epoch 12
[Epoch 12, validation] Confusion Matrix:
[[1539    0    5    2   17   68   27    0    9]
 [ 170    0  125    0  107  200    0    0    0]
 [   0    0  603    1    0    0    0    0    0]
 [   0    0    0  810    0   19    0    0    0]
 [  28    0    0   12  542  176    0    0    0]
 [  35    0    0   68   38  684    0    0    0]
 [   0    0    0    0    0   13  589    0    2]
 [   0    0    0    0    0    0    0  604    0]
 [   0    0    0    0    0    1    0    0  603]]
[Epoch 12, tain] loss: 0.047, train_accuracy: 0.87458
[Epoch 12, Vail] loss: 0.04786, accuracy: 0.84176
[Epoch 12] max_vail_acc: 0.84388
Epoch 13
[Epoch 13, validation] Confusion Matrix:
[[1570    0    0    0    8   55   26    0    8]
 [ 136    0  148    0   92  226    0    0    0]
 [   0    0  604    0    0    0    0    0    0]
 [   0    0    0  788    0   41    0    0    0]
 [  30    0    0   10  472  244    0    0    2]
 [  41    0    1   58   14  711    0    0    0]
 [   0    0    0    0    0    0  604    0    0]
 [   0    0    0    0    0    0    0  604    0]
 [   0    0    0    0    0    0    0    0  604]]
[Epoch 13, tain] loss: 0.047, train_accuracy: 0.87520
[Epoch 13, Vail] loss: 0.04792, accuracy: 0.83937
[Epoch 13] max_vail_acc: 0.84388
Epoch 14
[Epoch 14, validation] Confusion Matrix:
[[1544    0    0    0   22   55   31    0   15]
 [ 203    0  114    3  123  159    0    0    0]
 [   0    0  594    0    0   10    0    0    0]
 [   0    0    0  804    0   25    0    0    0]
 [  33    0    0    2  533  190    0    0    0]
 [  47    0    0   67   44  667    0    0    0]
 [   0    0    0    0    0    0  602    0    2]
 [   0    0    0    0    0    0    0  604    0]
 [   0    0    0    0    0    0    0    0  604]]
[Epoch 14, tain] loss: 0.047, train_accuracy: 0.87610
[Epoch 14, Vail] loss: 0.04796, accuracy: 0.83866
[Epoch 14] max_vail_acc: 0.84388
Epoch 15
[Epoch 15, validation] Confusion Matrix:
[[1564    0    0    0    5   61   27    0   10]
 [ 198    0  118    1   84  201    0    0    0]
 [   0    0  601    0    0    3    0    0    0]
 [   0    0    0  805    0   24    0    0    0]
 [  31    0    0    7  552  168    0    0    0]
 [  47    0    0   60   31  687    0    0    0]
 [   0    0    0    0    0   23  581    0    0]
 [   0    0    0    0    0    0    0  604    0]
 [   0    0    0    0    0    0    0    0  604]]
[Epoch 15, tain] loss: 0.047, train_accuracy: 0.87655
[Epoch 15, Vail] loss: 0.04775, accuracy: 0.84515
[Epoch 15] max_vail_acc: 0.84515
