Epoch 1
[Epoch 1, validation] Confusion Matrix:
[[1557    0    0    0    0    0    0    0    0]
 [ 562    0    0    0    0    0    0    0    0]
 [ 564    0    0    0    0    0    0    0    0]
 [ 774    0    0    0    0    0    0    0    0]
 [ 708    0    0    0    0    0    0    0    0]
 [ 770    0    0    0    0    0    0    0    0]
 [ 564    0    0    0    0    0    0    0    0]
 [ 564    0    0    0    0    0    0    0    0]
 [ 564    0    0    0    0    0    0    0    0]]
[Epoch 1, tain] loss: 0.033, train_accuracy: 0.22918
[Epoch 1, Vail] loss: 0.03208, accuracy: 0.23495
[Epoch 1] max_vail_acc: 0.23495
Epoch 2
[Epoch 2, validation] Confusion Matrix:
[[1557    0    0    0    0    0    0    0    0]
 [ 562    0    0    0    0    0    0    0    0]
 [ 564    0    0    0    0    0    0    0    0]
 [ 774    0    0    0    0    0    0    0    0]
 [ 708    0    0    0    0    0    0    0    0]
 [ 770    0    0    0    0    0    0    0    0]
 [ 564    0    0    0    0    0    0    0    0]
 [ 564    0    0    0    0    0    0    0    0]
 [ 564    0    0    0    0    0    0    0    0]]
[Epoch 2, tain] loss: 0.030, train_accuracy: 0.28045
[Epoch 2, Vail] loss: 0.03019, accuracy: 0.23495
[Epoch 2] max_vail_acc: 0.23495
Epoch 3
[Epoch 3, validation] Confusion Matrix:
[[1557    0    0    0    0    0    0    0    0]
 [ 562    0    0    0    0    0    0    0    0]
 [ 521    0   43    0    0    0    0    0    0]
 [ 774    0    0    0    0    0    0    0    0]
 [ 708    0    0    0    0    0    0    0    0]
 [ 770    0    0    0    0    0    0    0    0]
 [ 564    0    0    0    0    0    0    0    0]
 [ 564    0    0    0    0    0    0    0    0]
 [ 517    0    0    0    0    0    0    0   47]]
[Epoch 3, tain] loss: 0.028, train_accuracy: 0.28875
[Epoch 3, Vail] loss: 0.02848, accuracy: 0.24853
[Epoch 3] max_vail_acc: 0.24853
Epoch 4
[Epoch 4, validation] Confusion Matrix:
[[1553    0    0    0    0    0    0    0    4]
 [ 477    0   85    0    0    0    0    0    0]
 [ 218    0  346    0    0    0    0    0    0]
 [ 774    0    0    0    0    0    0    0    0]
 [ 663    0   45    0    0    0    0    0    0]
 [ 769    0    1    0    0    0    0    0    0]
 [ 398    0    0    0    0    0  166    0    0]
 [ 512    0    0    0    0    0   36    0   16]
 [ 259    0    0    0    0    0    0    0  305]]
[Epoch 4, tain] loss: 0.026, train_accuracy: 0.35444
[Epoch 4, Vail] loss: 0.02642, accuracy: 0.35763
[Epoch 4] max_vail_acc: 0.35763
Epoch 5
[Epoch 5, validation] Confusion Matrix:
[[1529    0    5    0    0    0    1    0   22]
 [ 380    0  182    0    0    0    0    0    0]
 [  96    0  464    0    0    0    0    0    4]
 [ 770    0    2    2    0    0    0    0    0]
 [ 599    0  109    0    0    0    0    0    0]
 [ 744    0    4   22    0    0    0    0    0]
 [ 128    0    0    0    0    0  436    0    0]
 [ 358    0    2    0    0    0   83   92   29]
 [  79    0    0    0    0    0    1    0  484]]
[Epoch 5, tain] loss: 0.024, train_accuracy: 0.45636
[Epoch 5, Vail] loss: 0.02413, accuracy: 0.45375
[Epoch 5] max_vail_acc: 0.45375
Epoch 6
[Epoch 6, validation] Confusion Matrix:
[[1517    0    9    0    0    0    2    0   29]
 [ 359    0  203    0    0    0    0    0    0]
 [  56    0  502    0    0    0    0    0    6]
 [ 690    0    5   79    0    0    0    0    0]
 [ 545    0  133   30    0    0    0    0    0]
 [ 697    0    2   71    0    0    0    0    0]
 [  67    0    0    0    0    0  497    0    0]
 [ 167    0    5    0    0    0   58  314   20]
 [  32    0    0    0    0    0    0    0  532]]
[Epoch 6, tain] loss: 0.022, train_accuracy: 0.53888
[Epoch 6, Vail] loss: 0.02181, accuracy: 0.51924
[Epoch 6] max_vail_acc: 0.51924
Epoch 7
[Epoch 7, validation] Confusion Matrix:
[[1510    0   12    0    0    0    6    0   29]
 [ 354    0  208    0    0    0    0    0    0]
 [  37    0  520    0    0    0    0    0    7]
 [ 441    0    5  328    0    0    0    0    0]
 [ 466    0  135  107    0    0    0    0    0]
 [ 643    0    0  127    0    0    0    0    0]
 [  33    0    0    0    0    0  531    0    0]
 [  69    0    5    0    0    0   12  471    7]
 [  23    0    0    0    0    0    0    0  541]]
[Epoch 7, tain] loss: 0.019, train_accuracy: 0.60029
[Epoch 7, Vail] loss: 0.01959, accuracy: 0.58865
[Epoch 7] max_vail_acc: 0.58865



Epoch 1
[Epoch 1, validation] Confusion Matrix:
[[1508    0   11    0    0    0   10    0   28]
 [ 324   21  208    9    0    0    0    0    0]
 [  27    0  530    1    0    0    0    0    6]
 [ 115    0    1  658    0    0    0    0    0]
 [ 349    0  135  217    7    0    0    0    0]
 [ 588    0    0  182    0    0    0    0    0]
 [  21    0    0    0    0    0  543    0    0]
 [  27    0    2    0    0    0    7  526    2]
 [  17    0    0    0    0    0    0    0  547]]
[Epoch 1, tain] loss: 0.017, train_accuracy: 0.65927
[Epoch 1, Vail] loss: 0.01757, accuracy: 0.65490
[Epoch 1] max_vail_acc: 0.65490
Epoch 2
[Epoch 2, validation] Confusion Matrix:
[[1508    0   11    0    0    0   12    0   26]
 [ 220   90  208   43    1    0    0    0    0]
 [  16    0  539    4    0    0    0    0    5]
 [   3    0    0  771    0    0    0    0    0]
 [ 280    0  135  269   24    0    0    0    0]
 [ 472    0    0  296    2    0    0    0    0]
 [  11    0    0    0    0    0  553    0    0]
 [   3    0    1    0    0    0    4  556    0]
 [  13    0    0    0    0    0    0    0  551]]
[Epoch 2, tain] loss: 0.015, train_accuracy: 0.70787
[Epoch 2, Vail] loss: 0.01574, accuracy: 0.69292
[Epoch 2] max_vail_acc: 0.69292
Epoch 3
[Epoch 3, validation] Confusion Matrix:
[[1504    0   11    2    2    0   14    0   24]
 [ 133  151  206   61   11    0    0    0    0]
 [  10    2  542    6    0    0    0    0    4]
 [   0    0    0  774    0    0    0    0    0]
 [ 190    2  121  300   95    0    0    0    0]
 [ 334    0    0  420   16    0    0    0    0]
 [   8    0    0    0    0    0  556    0    0]
 [   1    0    1    0    0    0    1  561    0]
 [  13    0    0    0    0    0    0    0  551]]
[Epoch 3, tain] loss: 0.014, train_accuracy: 0.74587
[Epoch 3, Vail] loss: 0.01410, accuracy: 0.71435
[Epoch 3] max_vail_acc: 0.71435
Epoch 4
[Epoch 4, validation] Confusion Matrix:
[[1501    2    5    3    9    0   14    0   23]
 [  54  197  193   63   55    0    0    0    0]
 [   4    7  544    6    0    0    0    0    3]
 [   0    0    0  774    0    0    0    0    0]
 [  86   11   84  293  234    0    0    0    0]
 [ 267    0    0  446   57    0    0    0    0]
 [   4    0    0    0    0    0  560    0    0]
 [   0    0    1    0    0    0    1  562    0]
 [  10    0    0    0    0    0    0    0  554]]
[Epoch 4, tain] loss: 0.012, train_accuracy: 0.76755
[Epoch 4, Vail] loss: 0.01276, accuracy: 0.74332
[Epoch 4] max_vail_acc: 0.74332
Epoch 5
[Epoch 5, validation] Confusion Matrix:
[[1495    6    1    2   17    0   14    0   22]
 [  34  256  150   43   79    0    0    0    0]
 [   1   10  546    5    0    0    0    1    1]
 [   0    0    0  774    0    0    0    0    0]
 [  59    9   25  244  371    0    0    0    0]
 [ 225    0    0  401  144    0    0    0    0]
 [   3    0    0    0    0    0  561    0    0]
 [   0    0    0    0    0    0    0  564    0]
 [   8    0    0    0    0    0    0    0  556]]
[Epoch 5, tain] loss: 0.011, train_accuracy: 0.78595
[Epoch 5, Vail] loss: 0.01162, accuracy: 0.77305
[Epoch 5] max_vail_acc: 0.77305
Epoch 6
[Epoch 6, validation] Confusion Matrix:
[[1500    5    0    2   21    0   13    0   16]
 [  23  302  107   21  109    0    0    0    0]
 [   0    9  550    3    2    0    0    0    0]
 [   0    0    0  774    0    0    0    0    0]
 [  48    3    1  201  455    0    0    0    0]
 [ 187    0    0  374  209    0    0    0    0]
 [   3    0    0    0    0    0  561    0    0]
 [   0    0    0    0    0    0    0  564    0]
 [   7    0    0    0    0    0    0    0  557]]
[Epoch 6, tain] loss: 0.010, train_accuracy: 0.80063
[Epoch 6, Vail] loss: 0.01069, accuracy: 0.79418
[Epoch 6] max_vail_acc: 0.79418
Epoch 7
[Epoch 7, validation] Confusion Matrix:
[[1499    4    0    1   21    1   16    0   15]
 [  23  353   60   18  108    0    0    0    0]
 [   0    9  550    3    2    0    0    0    0]
 [   0    0    0  774    0    0    0    0    0]
 [  43    3    0  188  474    0    0    0    0]
 [ 167    0    0  352  251    0    0    0    0]
 [   1    0    0    0    0    0  563    0    0]
 [   0    0    0    0    0    0    0  564    0]
 [   5    0    0    0    0    0    0    0  559]]
[Epoch 7, tain] loss: 0.009, train_accuracy: 0.81559
[Epoch 7, Vail] loss: 0.00986, accuracy: 0.80519
[Epoch 7] max_vail_acc: 0.80519
Epoch 8
[Epoch 8, validation] Confusion Matrix:
[[1500    1    0    0   22    3   16    0   15]
 [  21  375   38   12  115    1    0    0    0]
 [   0    4  555    3    2    0    0    0    0]
 [   0    0    0  774    0    0    0    0    0]
 [  38    0    0  181  489    0    0    0    0]
 [ 138    0    0  340  292    0    0    0    0]
 [   1    0    0    0    0    0  563    0    0]
 [   0    0    0    0    0    0    0  564    0]
 [   1    0    0    0    0    0    0    0  563]]
[Epoch 8, tain] loss: 0.009, train_accuracy: 0.82902
[Epoch 8, Vail] loss: 0.00917, accuracy: 0.81228
[Epoch 8] max_vail_acc: 0.81228
Epoch 9
[Epoch 9, validation] Confusion Matrix:
[[1502    0    0    0   20    3   17    0   15]
 [  20  394   20   12  115    1    0    0    0]
 [   0    4  557    2    1    0    0    0    0]
 [   0    0    0  774    0    0    0    0    0]
 [  35    0    0  176  497    0    0    0    0]
 [ 108    0    0  329  306   27    0    0    0]
 [   0    0    0    0    0    0  564    0    0]
 [   0    0    0    0    0    0    0  564    0]
 [   0    0    0    0    0    0    0    0  564]]
 
Epoch 1
[Epoch 1, validation] Confusion Matrix:
[[1557    0    0    0    0    0    0    0    0]
 [ 562    0    0    0    0    0    0    0    0]
 [ 564    0    0    0    0    0    0    0    0]
 [ 774    0    0    0    0    0    0    0    0]
 [ 708    0    0    0    0    0    0    0    0]
 [ 770    0    0    0    0    0    0    0    0]
 [ 564    0    0    0    0    0    0    0    0]
 [ 564    0    0    0    0    0    0    0    0]
 [ 564    0    0    0    0    0    0    0    0]]
[Epoch 1, tain] loss: 0.033, train_accuracy: 0.23306
[Epoch 1, Vail] loss: 0.03189, accuracy: 0.23495
[Epoch 1] max_vail_acc: 0.81228
Epoch 2
[Epoch 2, validation] Confusion Matrix:
[[1557    0    0    0    0    0    0    0    0]
 [ 562    0    0    0    0    0    0    0    0]
 [ 564    0    0    0    0    0    0    0    0]
 [ 774    0    0    0    0    0    0    0    0]
 [ 708    0    0    0    0    0    0    0    0]
 [ 770    0    0    0    0    0    0    0    0]
 [ 564    0    0    0    0    0    0    0    0]
 [ 564    0    0    0    0    0    0    0    0]
 [ 564    0    0    0    0    0    0    0    0]]
[Epoch 2, tain] loss: 0.030, train_accuracy: 0.28054
[Epoch 2, Vail] loss: 0.03019, accuracy: 0.23495
[Epoch 2] max_vail_acc: 0.81228
Epoch 3
[Epoch 3, validation] Confusion Matrix:
[[1557    0    0    0    0    0    0    0    0]
 [ 562    0    0    0    0    0    0    0    0]
 [ 564    0    0    0    0    0    0    0    0]
 [ 774    0    0    0    0    0    0    0    0]
 [ 708    0    0    0    0    0    0    0    0]
 [ 770    0    0    0    0    0    0    0    0]
 [ 564    0    0    0    0    0    0    0    0]
 [ 564    0    0    0    0    0    0    0    0]
 [ 479    0    0    0    0    0    0    0   85]]
[Epoch 3, tain] loss: 0.028, train_accuracy: 0.28868
[Epoch 3, Vail] loss: 0.02827, accuracy: 0.24777
[Epoch 3] max_vail_acc: 0.81228
Epoch 4
[Epoch 4, validation] Confusion Matrix:
[[1544    0    0    0    0    0    0    0   13]
 [ 561    0    1    0    0    0    0    0    0]
 [ 412    0  150    0    0    0    0    0    2]
 [ 774    0    0    0    0    0    0    0    0]
 [ 706    0    2    0    0    0    0    0    0]
 [ 770    0    0    0    0    0    0    0    0]
 [ 274    0    0    0    0    0  290    0    0]
 [ 364    0    0    0    0    0   35  119   46]
 [ 176    0    0    0    0    0    0    0  388]]
[Epoch 4, tain] loss: 0.026, train_accuracy: 0.35638
[Epoch 4, Vail] loss: 0.02591, accuracy: 0.37589
[Epoch 4] max_vail_acc: 0.81228
Epoch 5
[Epoch 5, validation] Confusion Matrix:
[[1532    0    0    0    0    0    6    0   19]
 [ 459    0  103    0    0    0    0    0    0]
 [ 156    0  404    0    0    0    0    0    4]
 [ 772    0    2    0    0    0    0    0    0]
 [ 631    0   77    0    0    0    0    0    0]
 [ 769    0    1    0    0    0    0    0    0]
 [  42    0    0    0    0    0  522    0    0]
 [ 142    0    0    0    0    0   33  365   24]
 [  58    0    0    0    0    0    0    0  506]]
[Epoch 5, tain] loss: 0.023, train_accuracy: 0.48746
[Epoch 5, Vail] loss: 0.02325, accuracy: 0.50234
[Epoch 5] max_vail_acc: 0.81228
Epoch 6
[Epoch 6, validation] Confusion Matrix:
[[1517    0    6    0    0    0   14    0   20]
 [ 402    0  160    0    0    0    0    0    0]
 [  92    0  467    0    0    0    0    0    5]
 [ 760    0    8    6    0    0    0    0    0]
 [ 584    0  124    0    0    0    0    0    0]
 [ 752    0    4   14    0    0    0    0    0]
 [  10    0    0    0    0    0  554    0    0]
 [  52    0    1    0    0    0    5  499    7]
 [  28    0    0    0    0    0    0    0  536]]
[Epoch 6, tain] loss: 0.021, train_accuracy: 0.55667
[Epoch 6, Vail] loss: 0.02066, accuracy: 0.54006
[Epoch 6] max_vail_acc: 0.81228
Epoch 7
[Epoch 7, validation] Confusion Matrix:
[[1504    0   10    0    0    0   21    0   22]
 [ 372    0  190    0    0    0    0    0    0]
 [  49    0  510    0    0    0    0    0    5]
 [ 616    0   23  103   32    0    0    0    0]
 [ 531    0  135   16   26    0    0    0    0]
 [ 688    0    1   45   36    0    0    0    0]
 [   3    0    0    0    0    0  561    0    0]
 [  15    0    1    0    0    0    3  541    4]
 [  20    0    0    0    0    0    0    0  544]]
[Epoch 7, tain] loss: 0.018, train_accuracy: 0.59306
[Epoch 7, Vail] loss: 0.01833, accuracy: 0.57175
[Epoch 7] max_vail_acc: 0.81228
Epoch 8
[Epoch 8, validation] Confusion Matrix:
[[1503    0   10    0    0    0   23    0   21]
 [ 307   19  193    0   43    0    0    0    0]
 [  36    0  524    0    0    0    0    0    4]
 [ 211    0   12  279  272    0    0    0    0]
 [ 309    0  138   52  209    0    0    0    0]
 [ 578    0    0   53  139    0    0    0    0]
 [   2    0    0    0    0    0  562    0    0]
 [   2    0    1    0    0    0    0  561    0]
 [  19    0    0    0    0    0    0    0  545]]
[Epoch 8, tain] loss: 0.016, train_accuracy: 0.65025
[Epoch 8, Vail] loss: 0.01628, accuracy: 0.63407
[Epoch 8] max_vail_acc: 0.81228
Epoch 9
[Epoch 9, validation] Confusion Matrix:
[[1497    0   10    1    6    0   23    0   20]
 [ 202   71  198    2   89    0    0    0    0]
 [  21    0  536    3    0    0    0    0    4]
 [   8    0    6  371  389    0    0    0    0]
 [  98    0  139   78  393    0    0    0    0]
 [ 383    0    0   83  303    1    0    0    0]
 [   1    0    0    0    0    0  563    0    0]
 [   0    0    1    0    0    0    0  563    0]
 [  14    0    0    0    0    0    0    0  550]]
[Epoch 9, tain] loss: 0.014, train_accuracy: 0.71444
[Epoch 9, Vail] loss: 0.01454, accuracy: 0.68583
[Epoch 9] max_vail_acc: 0.81228
Epoch 10
[Epoch 10, validation] Confusion Matrix:
[[1496    0   10    3   11    0   18    0   19]
 [ 124  153  178    6  101    0    0    0    0]
 [  10    0  546    5    0    0    0    0    3]
 [   0    0    0  422  352    0    0    0    0]
 [  61    1  131  103  412    0    0    0    0]
 [ 228    0    0  137  356   49    0    0    0]
 [   1    0    0    0    0    0  563    0    0]
 [   0    0    0    0    0    0    0  564    0]
 [  11    0    0    0    0    0    0    0  553]]
[Epoch 10, tain] loss: 0.013, train_accuracy: 0.74575
[Epoch 10, Vail] loss: 0.01311, accuracy: 0.71797
[Epoch 10] max_vail_acc: 0.81228
Epoch 11
[Epoch 11, validation] Confusion Matrix:
[[1494    0   10    5   13    0   17    0   18]
 [  56  230  149   22  105    0    0    0    0]
 [   5    0  550    8    0    0    0    0    1]
 [   0    0    0  492  282    0    0    0    0]
 [  44    4   93  122  445    0    0    0    0]
 [ 131    0    0  198  299  142    0    0    0]
 [   1    0    0    0    0    0  563    0    0]
 [   0    0    0    0    0    0    0  564    0]
 [   7    0    0    0    0    0    2    0  555]]
[Epoch 11, tain] loss: 0.012, train_accuracy: 0.76378
[Epoch 11, Vail] loss: 0.01193, accuracy: 0.75977
[Epoch 11] max_vail_acc: 0.81228
Epoch 12
[Epoch 12, validation] Confusion Matrix:
[[1500    2    7    5   13    1   13    0   16]
 [  39  252  136   30  105    0    0    0    0]
 [   2    2  552    8    0    0    0    0    0]
 [   0    0    0  578  196    0    0    0    0]
 [  36    6   41  124  501    0    0    0    0]
 [ 109    0    0  233  238  190    0    0    0]
 [   1    0    0    0    0    0  563    0    0]
 [   0    0    0    0    0    0    0  564    0]
 [   6    0    0    0    0    0    2    0  556]]
[Epoch 12, tain] loss: 0.011, train_accuracy: 0.77845
[Epoch 12, Vail] loss: 0.01097, accuracy: 0.79312
[Epoch 12] max_vail_acc: 0.81228
Epoch 13
[Epoch 13, validation] Confusion Matrix:
[[1496    4    5    5   12    8   12    0   15]
 [  32  271  128   19  109    3    0    0    0]
 [   0    2  554    8    0    0    0    0    0]
 [   0    0    0  590  184    0    0    0    0]
 [  34    6    6  108  554    0    0    0    0]
 [ 100    0    0  231  219  220    0    0    0]
 [   0    0    0    0    0    0  564    0    0]
 [   0    0    0    0    0    0    0  564    0]
 [   4    0    0    0    0    0    2    0  558]]
[Epoch 13, tain] loss: 0.010, train_accuracy: 0.79312
[Epoch 13, Vail] loss: 0.01017, accuracy: 0.81047
[Epoch 13] max_vail_acc: 0.81228
Epoch 14
[Epoch 14, validation] Confusion Matrix:
[[1497    9    0    3   10   14   11    0   13]
 [  28  292  111   21   98   12    0    0    0]
 [   0    1  556    7    0    0    0    0    0]
 [   0    0    0  661  113    0    0    0    0]
 [  31    6    0  112  554    5    0    0    0]
 [  94    0    0  259  169  248    0    0    0]
 [   0    0    0    0    0    0  564    0    0]
 [   0    0    0    0    0    0    0  564    0]
 [   4    0    0    0    0    0    2    0  558]]
[Epoch 14, tain] loss: 0.009, train_accuracy: 0.80745
[Epoch 14, Vail] loss: 0.00948, accuracy: 0.82903
[Epoch 14] max_vail_acc: 0.82903
Epoch 15
[Epoch 15, validation] Confusion Matrix:
[[1500    9    0    2    9   15    9    0   13]
 [  25  320   87   14   95   21    0    0    0]
 [   0    1  558    5    0    0    0    0    0]
 [   0    0    0  680   94    0    0    0    0]
 [  31    4    0  102  561   10    0    0    0]
 [  92    0    0  258  153  267    0    0    0]
 [   0    0    0    0    0    0  564    0    0]
 [   0    0    0    0    0    0    0  564    0]
 [   3    0    0    0    0    0    3    0  558]]
[Epoch 15, tain] loss: 0.009, train_accuracy: 0.82039
[Epoch 15, Vail] loss: 0.00885, accuracy: 0.84080
[Epoch 15] max_vail_acc: 0.84080
Epoch 1
[Epoch 1, validation] Confusion Matrix:
[[1501    8    0    1    9   16   10    0   12]
 [  20  363   53   15   89   22    0    0    0]
 [   0    1  558    4    1    0    0    0    0]
 [   0    0    0  692   82    0    0    0    0]
 [  30    2    0   97  568   11    0    0    0]
 [  89    0    0  252  133  296    0    0    0]
 [   0    0    0    0    0    0  564    0    0]
 [   0    0    0    0    0    0    0  564    0]
 [   0    0    0    0    0    0    3    0  561]]
[Epoch 1, tain] loss: 0.008, train_accuracy: 0.83658
[Epoch 1, Vail] loss: 0.00826, accuracy: 0.85514
[Epoch 1] max_vail_acc: 0.85514
Epoch 2
[Epoch 2, validation] Confusion Matrix:
[[1502    8    0    1    9   16    9    0   12]
 [  17  374   44   19   79   29    0    0    0]
 [   0    0  559    4    1    0    0    0    0]
 [   0    0    0  727   47    0    0    0    0]
 [  25    0    0  108  562   13    0    0    0]
 [  85    0    0  251  105  329    0    0    0]
 [   0    0    0    0    0    0  564    0    0]
 [   0    0    0    0    0    0    0  564    0]
 [   0    0    0    0    0    0    4    0  560]]
[Epoch 2, tain] loss: 0.008, train_accuracy: 0.85240
[Epoch 2, Vail] loss: 0.00771, accuracy: 0.86630
[Epoch 2] max_vail_acc: 0.86630
Epoch 3
[Epoch 3, validation] Confusion Matrix:
[[1496    8    0    0    9   22   11    0   11]
 [  12  401   29   17   71   32    0    0    0]
 [   0    0  560    3    1    0    0    0    0]
 [   0    0    0  747   27    0    0    0    0]
 [  22    0    0   97  574   15    0    0    0]
 [  78    0    0  243   89  360    0    0    0]
 [   0    0    0    0    0    0  564    0    0]
 [   0    0    0    0    0    0    0  564    0]
 [   0    0    0    0    0    0    3    0  561]]
[Epoch 3, tain] loss: 0.007, train_accuracy: 0.86891
[Epoch 3, Vail] loss: 0.00715, accuracy: 0.87928
[Epoch 3] max_vail_acc: 0.87928
Epoch 4
[Epoch 4, validation] Confusion Matrix:
[[1494    7    0    0    9   24   12    0   11]
 [   4  417   22   15   62   42    0    0    0]
 [   0    0  562    1    1    0    0    0    0]
 [   0    0    0  765    9    0    0    0    0]
 [  19    0    0   85  582   22    0    0    0]
 [  74    0    0  232   66  398    0    0    0]
 [   0    0    0    0    0    0  564    0    0]
 [   0    0    0    0    0    0    0  564    0]
 [   0    0    0    0    0    0    3    0  561]]
[Epoch 4, tain] loss: 0.007, train_accuracy: 0.88319
[Epoch 4, Vail] loss: 0.00660, accuracy: 0.89135
[Epoch 4] max_vail_acc: 0.89135
Epoch 5
[Epoch 5, validation] Confusion Matrix:
[[1498    4    0    0    9   23   12    0   11]
 [   1  433   17   11   57   43    0    0    0]
 [   0    0  564    0    0    0    0    0    0]
 [   0    0    0  770    4    0    0    0    0]
 [  17    3    0   70  601   17    0    0    0]
 [  74    0    0  224   56  416    0    0    0]
 [   0    0    0    0    0    0  564    0    0]
 [   0    0    0    0    0    0    0  564    0]
 [   0    0    0    0    0    0    3    0  561]]
[Epoch 5, tain] loss: 0.006, train_accuracy: 0.89625
[Epoch 5, Vail] loss: 0.00605, accuracy: 0.90101
[Epoch 5] max_vail_acc: 0.90101
Epoch 6
[Epoch 6, validation] Confusion Matrix:
[[1495    4    0    0    9   25   14    0   10]
 [   0  446   16    8   54   38    0    0    0]
 [   0    0  564    0    0    0    0    0    0]
 [   0    0    0  773    1    0    0    0    0]
 [  15    8    0   53  621   11    0    0    0]
 [  65    1    0  216   37  451    0    0    0]
 [   0    0    0    0    0    0  564    0    0]
 [   0    0    0    0    0    0    0  564    0]
 [   0    0    0    0    0    0    2    0  562]]
[Epoch 6, tain] loss: 0.006, train_accuracy: 0.90930
[Epoch 6, Vail] loss: 0.00550, accuracy: 0.91142
[Epoch 6] max_vail_acc: 0.91142
Epoch 7
[Epoch 7, validation] Confusion Matrix:
[[1501    1    0    0    8   25   13    0    9]
 [   0  462    7    7   52   34    0    0    0]
 [   0    0  564    0    0    0    0    0    0]
 [   0    0    0  774    0    0    0    0    0]
 [  14   13    0   29  643    9    0    0    0]
 [  65    4    0  211   30  460    0    0    0]
 [   0    0    0    0    0    0  564    0    0]
 [   0    0    0    0    0    0    0  564    0]
 [   0    0    0    0    0    0    2    0  562]]
[Epoch 7, tain] loss: 0.005, train_accuracy: 0.91935
[Epoch 7, Vail] loss: 0.00495, accuracy: 0.91957
[Epoch 7] max_vail_acc: 0.91957
Epoch 8
[Epoch 8, validation] Confusion Matrix:
[[1498    2    0    0    7   26   15    0    9]
 [   0  475    4    3   49   31    0    0    0]
 [   0    0  564    0    0    0    0    0    0]
 [   0    0    0  774    0    0    0    0    0]
 [  13   16    0   13  657    9    0    0    0]
 [  60    3    0  192   21  494    0    0    0]
 [   0    0    0    0    0    0  564    0    0]
 [   0    0    0    0    0    0    0  564    0]
 [   0    0    0    0    0    0    2    0  562]]
[Epoch 8, tain] loss: 0.005, train_accuracy: 0.92869
[Epoch 8, Vail] loss: 0.00445, accuracy: 0.92832
[Epoch 8] max_vail_acc: 0.92832
Epoch 9
[Epoch 9, validation] Confusion Matrix:
[[1499    1    0    0    7   26   15    0    9]
 [   0  487    6    5   35   29    0    0    0]
 [   0    0  564    0    0    0    0    0    0]
 [   0    0    0  774    0    0    0    0    0]
 [  12   17    0   12  658    9    0    0    0]
 [  59    2    0  193    9  507    0    0    0]
 [   0    0    0    0    0    0  564    0    0]
 [   0    0    0    0    0    0    0  564    0]
 [   0    0    0    0    0    0    2    0  562]]
[Epoch 9, tain] loss: 0.004, train_accuracy: 0.93664
[Epoch 9, Vail] loss: 0.00403, accuracy: 0.93240
[Epoch 9] max_vail_acc: 0.93240
Epoch 10
[Epoch 10, validation] Confusion Matrix:
[[1498    1    0    0    6   27   16    0    9]
 [   0  506    6    4   24   22    0    0    0]
 [   0    0  564    0    0    0    0    0    0]
 [   0    0    0  774    0    0    0    0    0]
 [  11   23    0    5  663    6    0    0    0]
 [  58    2    0  180    7  523    0    0    0]
 [   0    0    0    0    0    0  564    0    0]
 [   0    0    0    0    0    0    0  564    0]
 [   0    0    0    0    0    0    2    0  562]]
[Epoch 10, tain] loss: 0.004, train_accuracy: 0.94517
[Epoch 10, Vail] loss: 0.00366, accuracy: 0.93828
[Epoch 10] max_vail_acc: 0.93828
Epoch 11
[Epoch 11, validation] Confusion Matrix:
[[1502    0    0    0    5   27   15    0    8]
 [   0  521    5    4   10   22    0    0    0]
 [   0    0  564    0    0    0    0    0    0]
 [   0    0    0  774    0    0    0    0    0]
 [  11   25    0    1  666    5    0    0    0]
 [  56    1    0  161    7  545    0    0    0]
 [   0    0    0    0    0    0  564    0    0]
 [   0    0    0    0    0    0    0  564    0]
 [   0    0    0    0    0    0    2    0  562]]
[Epoch 11, tain] loss: 0.003, train_accuracy: 0.94979
[Epoch 11, Vail] loss: 0.00336, accuracy: 0.94492
[Epoch 11] max_vail_acc: 0.94492
Epoch 12
[Epoch 12, validation] Confusion Matrix:
[[1501    1    0    0    5   28   15    0    7]
 [   0  529    4    6    8   15    0    0    0]
 [   0    0  564    0    0    0    0    0    0]
 [   0    0    0  774    0    0    0    0    0]
 [   9   25    0    1  669    4    0    0    0]
 [  52    4    0  159    7  548    0    0    0]
 [   0    0    0    0    0    0  564    0    0]
 [   0    0    0    0    0    0    0  564    0]
 [   0    0    0    0    0    0    2    0  562]]
[Epoch 12, tain] loss: 0.003, train_accuracy: 0.95468
[Epoch 12, Vail] loss: 0.00315, accuracy: 0.94688
[Epoch 12] max_vail_acc: 0.94688
Epoch 13
[Epoch 13, validation] Confusion Matrix:
[[1502    0    0    0    3   29   16    0    7]
 [   0  528    5    8    5   16    0    0    0]
 [   0    0  564    0    0    0    0    0    0]
 [   0    0    0  774    0    0    0    0    0]
 [   9   23    0    1  671    4    0    0    0]
 [  50    3    0  150    7  560    0    0    0]
 [   0    0    0    0    0    0  564    0    0]
 [   0    0    0    0    0    0    0  564    0]
 [   0    0    0    0    0    0    2    0  562]]
[Epoch 13, tain] loss: 0.003, train_accuracy: 0.95854
[Epoch 13, Vail] loss: 0.00297, accuracy: 0.94900
[Epoch 13] max_vail_acc: 0.94900
Epoch 14
[Epoch 14, validation] Confusion Matrix:
[[1502    1    0    0    3   29   15    0    7]
 [   0  535    2    8    4   13    0    0    0]
 [   0    0  564    0    0    0    0    0    0]
 [   0    0    0  773    0    1    0    0    0]
 [   9   22    0    0  673    4    0    0    0]
 [  50    3    0  144    7  566    0    0    0]
 [   0    0    0    0    0    0  564    0    0]
 [   0    0    0    0    0    0    0  564    0]
 [   0    0    0    0    0    0    1    0  563]]
[Epoch 14, tain] loss: 0.003, train_accuracy: 0.96262
[Epoch 14, Vail] loss: 0.00282, accuracy: 0.95126
[Epoch 14] max_vail_acc: 0.95126
Epoch 15
[Epoch 15, validation] Confusion Matrix:
[[1505    0    0    0    2   30   15    0    5]
 [   0  536    2    9    3   12    0    0    0]
 [   0    0  564    0    0    0    0    0    0]
 [   0    0    0  773    0    1    0    0    0]
 [   9   20    0    0  674    5    0    0    0]
 [  49    4    0  137    7  573    0    0    0]
 [   0    0    0    0    0    0  564    0    0]
 [   0    0    0    0    0    0    0  564    0]
 [   0    0    0    0    0    0    0    0  564]]
[Epoch 15, tain] loss: 0.002, train_accuracy: 0.96636
[Epoch 15, Vail] loss: 0.00271, accuracy: 0.95322
[Epoch 15] max_vail_acc: 0.95322
